folioreader/build/intermediates/manifest_merge_blame_file/debug/manifest-merger-blame-debug-report.txt
1<?xml version="1.0" encoding="utf-8"?>
2<manifest xmlns:android="http://schemas.android.com/apk/res/android"
3    xmlns:tools="http://schemas.android.com/tools"
4    package="com.folioreader" >
5
6    <uses-sdk
6-->topceo/folioreader/AndroidManifest.xml:9:5-88
7        android:minSdkVersion="21"
7-->topceo/folioreader/AndroidManifest.xml:9:5-88
8        android:targetSdkVersion="29"
8-->topceo/folioreader/AndroidManifest.xml:9:5-88
9        tools:overrideLibrary="org.readium.r2.streamer, org.readium.r2.shared" />
9-->topceo/folioreader/AndroidManifest.xml:9:15-85
10
11    <uses-permission android:name="android.permission.WRITE_EXTERNAL_STORAGE" />
11-->topceo/folioreader/AndroidManifest.xml:6:5-81
11-->topceo/folioreader/AndroidManifest.xml:6:22-78
12    <uses-permission android:name="android.permission.INTERNET" />
12-->topceo/folioreader/AndroidManifest.xml:7:5-67
12-->topceo/folioreader/AndroidManifest.xml:7:22-64
13
14    <application
14-->topceo/folioreader/AndroidManifest.xml:11:5-41:19
15        android:allowBackup="true"
15-->topceo/folioreader/AndroidManifest.xml:12:9-35
16        android:networkSecurityConfig="@xml/network_security_config"
16-->topceo/folioreader/AndroidManifest.xml:13:9-69
17        tools:replace="android:allowBackup" >
17-->topceo/folioreader/AndroidManifest.xml:14:9-44
18        <provider
18-->topceo/folioreader/AndroidManifest.xml:16:9-19:40
19            android:name="com.folioreader.AppContext"
19-->topceo/folioreader/AndroidManifest.xml:17:13-39
20            android:authorities="${applicationId}.provider.appcontext"
20-->topceo/folioreader/AndroidManifest.xml:18:13-71
21            android:exported="false" />
21-->topceo/folioreader/AndroidManifest.xml:19:13-37
22
23        <activity
23-->topceo/folioreader/AndroidManifest.xml:21:9-24:60
24            android:name="com.folioreader.ui.activity.FolioActivity"
24-->topceo/folioreader/AndroidManifest.xml:22:13-69
25            android:label="@string/app_name"
25-->topceo/folioreader/AndroidManifest.xml:23:13-45
26            android:theme="@style/FolioActivityDayTheme" />
26-->topceo/folioreader/AndroidManifest.xml:24:13-57
27        <activity
27-->topceo/folioreader/AndroidManifest.xml:26:9-28:59
28            android:name="com.folioreader.ui.activity.ContentHighlightActivity"
28-->topceo/folioreader/AndroidManifest.xml:27:13-80
29            android:theme="@style/AppTheme.NoActionBar" />
29-->topceo/folioreader/AndroidManifest.xml:28:13-56
30        <activity
30-->topceo/folioreader/AndroidManifest.xml:30:9-39:20
31            android:name="com.folioreader.ui.activity.SearchActivity"
31-->topceo/folioreader/AndroidManifest.xml:31:13-70
32            android:launchMode="singleTop" >
32-->topceo/folioreader/AndroidManifest.xml:32:13-43
33            <intent-filter>
33-->topceo/folioreader/AndroidManifest.xml:33:13-35:29
34                <action android:name="android.intent.action.SEARCH" />
34-->topceo/folioreader/AndroidManifest.xml:34:17-71
34-->topceo/folioreader/AndroidManifest.xml:34:25-68
35            </intent-filter>
36
37            <meta-data
37-->topceo/folioreader/AndroidManifest.xml:36:13-38:54
38                android:name="android.app.searchable"
38-->topceo/folioreader/AndroidManifest.xml:37:17-54
39                android:resource="@xml/searchable" />
39-->topceo/folioreader/AndroidManifest.xml:38:17-51
40        </activity>
41    </application>
42
43</manifest>